[    1322ms] [INFO] %cDownload the React DevTools for a better development experience: https://reactjs.org/link/react-devtools font-weight:bold @ webpack-internal:///./node_modules/react-dom/cjs/react-dom.development.js:29834
[    1536ms] [LOG] [HMR] connected @ webpack-internal:///./node_modules/next/dist/client/dev/error-overlay/websocket.js:47
[    6957ms] [LOG] %c * Tone.js v15.5.17 *  background: #000; color: #fff @ webpack-internal:///./node_modules/tone/build/esm/core/Global.js:83
[   10333ms] [WARNING] THREE.Clock: This module has been deprecated. Please use THREE.Timer instead. @ webpack-internal:///./node_modules/three/build/three.core.js:2447
[   14889ms] [LOG] [HMR] connected @ webpack-internal:///./node_modules/next/dist/client/dev/error-overlay/websocket.js:47
[  162903ms] [ERROR] Failed to load resource: the server responded with a status of 500 (Internal Server Error) @ http://localhost:3000/api/open-meteo?latitude=83.05823669564404&longitude=-18.326298228819198:0
[  162904ms] [ERROR] Weather fetch failed: 500 @ webpack-internal:///./node_modules/next/dist/compiled/@next/react-dev-overlay/dist/client.js:1
[  167840ms] [ERROR] Failed to load resource: the server responded with a status of 500 (Internal Server Error) @ http://localhost:3000/api/open-meteo?latitude=-20.71298651256503&longitude=24.173532907021244:0
[  167840ms] [ERROR] Weather fetch failed: 500 @ webpack-internal:///./node_modules/next/dist/compiled/@next/react-dev-overlay/dist/client.js:1
[  181983ms] [ERROR] Failed to load resource: the server responded with a status of 500 (Internal Server Error) @ http://localhost:3000/api/open-meteo?latitude=21.623876044130682&longitude=-1.1197933090646532:0
[  181983ms] [ERROR] Weather fetch failed: 500 @ webpack-internal:///./node_modules/next/dist/compiled/@next/react-dev-overlay/dist/client.js:1
[  194073ms] [ERROR] Failed to load resource: the server responded with a status of 500 (Internal Server Error) @ http://localhost:3000/api/open-meteo?latitude=38.476193239132904&longitude=-18.07239652701253:0
[  194074ms] [ERROR] Weather fetch failed: 500 @ webpack-internal:///./node_modules/next/dist/compiled/@next/react-dev-overlay/dist/client.js:1
[  194685ms] [ERROR] Failed to load resource: the server responded with a status of 500 (Internal Server Error) @ http://localhost:3000/api/open-meteo?latitude=6.802724454228192&longitude=49.32916990546101:0
[  194685ms] [ERROR] Weather fetch failed: 500 @ webpack-internal:///./node_modules/next/dist/compiled/@next/react-dev-overlay/dist/client.js:1
[  199466ms] [ERROR] Failed to load resource: the server responded with a status of 500 (Internal Server Error) @ http://localhost:3000/api/open-meteo?latitude=55.45056581096038&longitude=-20.10968608452138:0
[  199467ms] [ERROR] Weather fetch failed: 500 @ webpack-internal:///./node_modules/next/dist/compiled/@next/react-dev-overlay/dist/client.js:1
[  237388ms] [ERROR] Failed to load resource: the server responded with a status of 500 (Internal Server Error) @ http://localhost:3000/api/open-meteo?latitude=71.80295509504747&longitude=19.430220877074394:0
[  237389ms] [ERROR] Weather fetch failed: 500 @ webpack-internal:///./node_modules/next/dist/compiled/@next/react-dev-overlay/dist/client.js:1
[  267644ms] [ERROR] Failed to load resource: the server responded with a status of 500 (Internal Server Error) @ http://localhost:3000/api/open-meteo?latitude=-31.48199542855456&longitude=34.379990832723266:0
[  267644ms] [ERROR] Weather fetch failed: 500 @ webpack-internal:///./node_modules/next/dist/compiled/@next/react-dev-overlay/dist/client.js:1
[  273699ms] [ERROR] Failed to load resource: the server responded with a status of 500 (Internal Server Error) @ http://localhost:3000/api/open-meteo?latitude=34.199143363662785&longitude=74.98906029729734:0
[  273699ms] [ERROR] Weather fetch failed: 500 @ webpack-internal:///./node_modules/next/dist/compiled/@next/react-dev-overlay/dist/client.js:1
[  287769ms] [ERROR] Failed to load resource: the server responded with a status of 500 (Internal Server Error) @ http://localhost:3000/api/open-meteo?latitude=25.604483751172843&longitude=69.54095728048068:0
[  287769ms] [ERROR] Weather fetch failed: 500 @ webpack-internal:///./node_modules/next/dist/compiled/@next/react-dev-overlay/dist/client.js:1
[  459966ms] [LOG] [Fast Refresh] rebuilding @ webpack-internal:///./node_modules/next/dist/client/dev/error-overlay/hot-dev-client.js:180
[  463637ms] [LOG] [Fast Refresh] done in 3670ms @ webpack-internal:///./node_modules/next/dist/client/dev/error-overlay/hot-dev-client.js:157
[  477552ms] [LOG] [Fast Refresh] rebuilding @ webpack-internal:///./node_modules/next/dist/client/dev/error-overlay/hot-dev-client.js:180
[  480722ms] [LOG] [Fast Refresh] done in 3171ms @ webpack-internal:///./node_modules/next/dist/client/dev/error-overlay/hot-dev-client.js:157
[  487943ms] [LOG] [Fast Refresh] rebuilding @ webpack-internal:///./node_modules/next/dist/client/dev/error-overlay/hot-dev-client.js:180
[  489963ms] [LOG] [Fast Refresh] done in 2020ms @ webpack-internal:///./node_modules/next/dist/client/dev/error-overlay/hot-dev-client.js:157
[  494424ms] [LOG] [Fast Refresh] rebuilding @ webpack-internal:///./node_modules/next/dist/client/dev/error-overlay/hot-dev-client.js:180
[  496983ms] [LOG] [Fast Refresh] done in 2559ms @ webpack-internal:///./node_modules/next/dist/client/dev/error-overlay/hot-dev-client.js:157
[  544812ms] [INFO] %cDownload the React DevTools for a better development experience: https://reactjs.org/link/react-devtools font-weight:bold @ webpack-internal:///./node_modules/react-dom/cjs/react-dom.development.js:29834
[  544854ms] [LOG] [HMR] connected @ webpack-internal:///./node_modules/next/dist/client/dev/error-overlay/websocket.js:47
[  545970ms] [LOG] %c * Tone.js v15.5.17 *  background: #000; color: #fff @ webpack-internal:///./node_modules/tone/build/esm/core/Global.js:83
[  546672ms] [WARNING] THREE.Clock: This module has been deprecated. Please use THREE.Timer instead. @ webpack-internal:///./node_modules/three/build/three.core.js:2447
